0 info it worked if it ends with ok
1 verbose cli [ '/usr/local/bin/node', '/usr/local/bin/npm', 'run', 'dev' ]
2 info using npm@3.10.5
3 info using node@v5.9.0
4 verbose run-script [ 'predev', 'dev', 'postdev' ]
5 info lifecycle register_flux@1.0.0~predev: register_flux@1.0.0
6 silly lifecycle register_flux@1.0.0~predev: no script for predev, continuing
7 info lifecycle register_flux@1.0.0~dev: register_flux@1.0.0
8 verbose lifecycle register_flux@1.0.0~dev: unsafe-perm in lifecycle true
9 verbose lifecycle register_flux@1.0.0~dev: PATH: /usr/local/lib/node_modules/npm/bin/node-gyp-bin:/Study/RegisterFlux/node_modules/.bin:/usr/local/bin:/usr/local/bin:/usr/bin:/bin:/usr/sbin:/sbin
10 verbose lifecycle register_flux@1.0.0~dev: CWD: /Study/RegisterFlux
11 silly lifecycle register_flux@1.0.0~dev: Args: [ '-c',
11 silly lifecycle   'webpack-dev-server --devtool eval --progress --colors --hot --inline --content-base ./ --history-api-fallback' ]
12 silly lifecycle register_flux@1.0.0~dev: Returned: code: 126  signal: null
13 info lifecycle register_flux@1.0.0~dev: Failed to exec dev script
14 verbose stack Error: register_flux@1.0.0 dev: `webpack-dev-server --devtool eval --progress --colors --hot --inline --content-base ./ --history-api-fallback`
14 verbose stack Exit status 126
14 verbose stack     at EventEmitter.<anonymous> (/usr/local/lib/node_modules/npm/lib/utils/lifecycle.js:242:16)
14 verbose stack     at emitTwo (events.js:100:13)
14 verbose stack     at EventEmitter.emit (events.js:185:7)
14 verbose stack     at ChildProcess.<anonymous> (/usr/local/lib/node_modules/npm/lib/utils/spawn.js:40:14)
14 verbose stack     at emitTwo (events.js:100:13)
14 verbose stack     at ChildProcess.emit (events.js:185:7)
14 verbose stack     at maybeClose (internal/child_process.js:850:16)
14 verbose stack     at Process.ChildProcess._handle.onexit (internal/child_process.js:215:5)
15 verbose pkgid register_flux@1.0.0
16 verbose cwd /Study/RegisterFlux
17 error Darwin 15.6.0
18 error argv "/usr/local/bin/node" "/usr/local/bin/npm" "run" "dev"
19 error node v5.9.0
20 error npm  v3.10.5
21 error code ELIFECYCLE
22 error register_flux@1.0.0 dev: `webpack-dev-server --devtool eval --progress --colors --hot --inline --content-base ./ --history-api-fallback`
22 error Exit status 126
23 error Failed at the register_flux@1.0.0 dev script 'webpack-dev-server --devtool eval --progress --colors --hot --inline --content-base ./ --history-api-fallback'.
23 error Make sure you have the latest version of node.js and npm installed.
23 error If you do, this is most likely a problem with the register_flux package,
23 error not with npm itself.
23 error Tell the author that this fails on your system:
23 error     webpack-dev-server --devtool eval --progress --colors --hot --inline --content-base ./ --history-api-fallback
23 error You can get information on how to open an issue for this project with:
23 error     npm bugs register_flux
23 error Or if that isn't available, you can get their info via:
23 error     npm owner ls register_flux
23 error There is likely additional logging output above.
24 verbose exit [ 1, true ]
